0 info it worked if it ends with ok
1 verbose cli [ 'C:\\Program Files\\nodejs\\node.exe',
1 verbose cli   'C:\\Program Files\\nodejs\\node_modules\\npm\\bin\\npm-cli.js',
1 verbose cli   'install',
1 verbose cli   '-g',
1 verbose cli   'bower' ]
2 info using npm@3.10.10
3 info using node@v6.11.3
4 silly loadCurrentTree Starting
5 silly install loadCurrentTree
6 silly install readGlobalPackageData
7 silly fetchPackageMetaData bower
8 silly fetchNamedPackageData bower
9 silly mapToRegistry name bower
10 silly mapToRegistry using default registry
11 silly mapToRegistry registry https://registry.npmjs.org/
12 silly mapToRegistry data Result {
12 silly mapToRegistry   raw: 'bower',
12 silly mapToRegistry   scope: null,
12 silly mapToRegistry   escapedName: 'bower',
12 silly mapToRegistry   name: 'bower',
12 silly mapToRegistry   rawSpec: '',
12 silly mapToRegistry   spec: 'latest',
12 silly mapToRegistry   type: 'tag' }
13 silly mapToRegistry uri https://registry.npmjs.org/bower
14 verbose request uri https://registry.npmjs.org/bower
15 verbose request no auth needed
16 info attempt registry request try #1 at 10:15:18 AM
17 verbose request id bac90f4a5379d163
18 http request GET https://registry.npmjs.org/bower
19 http 200 https://registry.npmjs.org/bower
20 verbose headers { date: 'Sun, 08 Jul 2018 04:45:09 GMT',
20 verbose headers   'content-type': 'application/json; charset=UTF-8',
20 verbose headers   'transfer-encoding': 'chunked',
20 verbose headers   connection: 'keep-alive',
20 verbose headers   'set-cookie': [ '__cfduid=db5810d3f4a44cbe558cffdca09a428501531025109; expires=Mon, 08-Jul-19 04:45:09 GMT; path=/; domain=.registry.npmjs.org; HttpOnly' ],
20 verbose headers   'cache-control': 'max-age=300',
20 verbose headers   'cf-cache-status': 'HIT',
20 verbose headers   'cf-ray': '436fe6559ba38963-MAA',
20 verbose headers   etag: 'W/"2082ba90f79234eb0fceb77c912d09be"',
20 verbose headers   'expect-ct': 'max-age=604800, report-uri="https://report-uri.cloudflare.com/cdn-cgi/beacon/expect-ct"',
20 verbose headers   'last-modified': 'Sat, 23 Jun 2018 17:01:53 GMT',
20 verbose headers   vary: 'accept-encoding, accept',
20 verbose headers   server: 'cloudflare',
20 verbose headers   'content-encoding': 'gzip' }
21 silly get cb [ 200,
21 silly get   { date: 'Sun, 08 Jul 2018 04:45:09 GMT',
21 silly get     'content-type': 'application/json; charset=UTF-8',
21 silly get     'transfer-encoding': 'chunked',
21 silly get     connection: 'keep-alive',
21 silly get     'set-cookie': [ '__cfduid=db5810d3f4a44cbe558cffdca09a428501531025109; expires=Mon, 08-Jul-19 04:45:09 GMT; path=/; domain=.registry.npmjs.org; HttpOnly' ],
21 silly get     'cache-control': 'max-age=300',
21 silly get     'cf-cache-status': 'HIT',
21 silly get     'cf-ray': '436fe6559ba38963-MAA',
21 silly get     etag: 'W/"2082ba90f79234eb0fceb77c912d09be"',
21 silly get     'expect-ct': 'max-age=604800, report-uri="https://report-uri.cloudflare.com/cdn-cgi/beacon/expect-ct"',
21 silly get     'last-modified': 'Sat, 23 Jun 2018 17:01:53 GMT',
21 silly get     vary: 'accept-encoding, accept',
21 silly get     server: 'cloudflare',
21 silly get     'content-encoding': 'gzip' } ]
22 verbose get saving bower to C:\Users\jeet\AppData\Roaming\npm-cache\registry.npmjs.org\bower\.cache.json
23 verbose correctMkdir C:\Users\jeet\AppData\Roaming\npm-cache correctMkdir not in flight; initializing
24 silly install normalizeTree
25 silly loadCurrentTree Finishing
26 silly loadIdealTree Starting
27 silly install loadIdealTree
28 silly cloneCurrentTree Starting
29 silly install cloneCurrentTreeToIdealTree
30 silly cloneCurrentTree Finishing
31 silly loadShrinkwrap Starting
32 silly install loadShrinkwrap
33 silly loadShrinkwrap Finishing
34 silly loadAllDepsIntoIdealTree Starting
35 silly install loadAllDepsIntoIdealTree
36 silly resolveWithNewModule bower@1.8.4 checking installable status
37 silly cache add args [ 'bower', null ]
38 verbose cache add spec bower
39 silly cache add parsed spec Result {
39 silly cache add   raw: 'bower',
39 silly cache add   scope: null,
39 silly cache add   escapedName: 'bower',
39 silly cache add   name: 'bower',
39 silly cache add   rawSpec: '',
39 silly cache add   spec: 'latest',
39 silly cache add   type: 'tag' }
40 silly addNamed bower@latest
41 verbose addNamed "latest" is being treated as a dist-tag for bower
42 info addNameTag [ 'bower', 'latest' ]
43 silly mapToRegistry name bower
44 silly mapToRegistry using default registry
45 silly mapToRegistry registry https://registry.npmjs.org/
46 silly mapToRegistry data Result {
46 silly mapToRegistry   raw: 'bower',
46 silly mapToRegistry   scope: null,
46 silly mapToRegistry   escapedName: 'bower',
46 silly mapToRegistry   name: 'bower',
46 silly mapToRegistry   rawSpec: '',
46 silly mapToRegistry   spec: 'latest',
46 silly mapToRegistry   type: 'tag' }
47 silly mapToRegistry uri https://registry.npmjs.org/bower
48 verbose addNameTag registry:https://registry.npmjs.org/bower not in flight; fetching
49 verbose get https://registry.npmjs.org/bower not expired, no request
50 silly addNameTag next cb for bower with tag latest
51 silly addNamed bower@1.8.4
52 verbose addNamed "1.8.4" is a plain semver version for bower
53 warn deprecated bower@1.8.4: We don't recommend using Bower for new projects. Please consider Yarn and Webpack or Parcel. You can read how to migrate legacy project here: https://bower.io/blog/2017/how-to-migrate-away-from-bower/
54 silly mapToRegistry name bower
55 silly mapToRegistry using default registry
56 silly mapToRegistry registry https://registry.npmjs.org/
57 silly mapToRegistry data Result {
57 silly mapToRegistry   raw: 'bower',
57 silly mapToRegistry   scope: null,
57 silly mapToRegistry   escapedName: 'bower',
57 silly mapToRegistry   name: 'bower',
57 silly mapToRegistry   rawSpec: '',
57 silly mapToRegistry   spec: 'latest',
57 silly mapToRegistry   type: 'tag' }
58 silly mapToRegistry uri https://registry.npmjs.org/bower
59 verbose addRemoteTarball https://registry.npmjs.org/bower/-/bower-1.8.4.tgz not in flight; adding
60 verbose addRemoteTarball [ 'https://registry.npmjs.org/bower/-/bower-1.8.4.tgz',
60 verbose addRemoteTarball   'e7876a076deb8137f7d06525dc5e8c66db82f28a' ]
61 info retry fetch attempt 1 at 10:15:20 AM
62 info attempt registry request try #1 at 10:15:20 AM
63 http fetch GET https://registry.npmjs.org/bower/-/bower-1.8.4.tgz
64 http fetch 200 https://registry.npmjs.org/bower/-/bower-1.8.4.tgz
65 info retry will retry, error on last attempt: Error: read ECONNRESET
66 silly fetchAndShaCheck shasum e7876a076deb8137f7d06525dc5e8c66db82f28a
67 silly rollbackFailedOptional Starting
68 silly rollbackFailedOptional Finishing
69 silly runTopLevelLifecycles Finishing
70 silly install printInstalled
71 verbose stack Error: shasum check failed for C:\Users\jeet\AppData\Local\Temp\npm-5520-d9d42fd5\registry.npmjs.org\bower\-\bower-1.8.4.tgz
71 verbose stack Expected: e7876a076deb8137f7d06525dc5e8c66db82f28a
71 verbose stack Actual:   d2e85631c87ea14b95dbd3dc7a52f98afd25be04
71 verbose stack From:     https://registry.npmjs.org/bower/-/bower-1.8.4.tgz
71 verbose stack     at C:\Program Files\nodejs\node_modules\npm\node_modules\sha\index.js:25:8
71 verbose stack     at ReadStream.<anonymous> (C:\Program Files\nodejs\node_modules\npm\node_modules\sha\index.js:72:7)
71 verbose stack     at emitNone (events.js:91:20)
71 verbose stack     at ReadStream.emit (events.js:185:7)
71 verbose stack     at endReadableNT (_stream_readable.js:974:12)
71 verbose stack     at _combinedTickCallback (internal/process/next_tick.js:80:11)
71 verbose stack     at process._tickCallback (internal/process/next_tick.js:104:9)
72 verbose cwd E:\workplace\test
73 error Windows_NT 6.3.9600
74 error argv "C:\\Program Files\\nodejs\\node.exe" "C:\\Program Files\\nodejs\\node_modules\\npm\\bin\\npm-cli.js" "install" "-g" "bower"
75 error node v6.11.3
76 error npm  v3.10.10
77 error shasum check failed for C:\Users\jeet\AppData\Local\Temp\npm-5520-d9d42fd5\registry.npmjs.org\bower\-\bower-1.8.4.tgz
77 error Expected: e7876a076deb8137f7d06525dc5e8c66db82f28a
77 error Actual:   d2e85631c87ea14b95dbd3dc7a52f98afd25be04
77 error From:     https://registry.npmjs.org/bower/-/bower-1.8.4.tgz
78 error If you need help, you may report this error at:
78 error     <https://github.com/npm/npm/issues>
79 verbose exit [ 1, true ]
